<?xml version="1.0" encoding="UTF-8"?>
<!-- Generated by org.testng.reporters.JUnitXMLReporter -->
<testsuite ignored="0" hostname="MSI" failures="0" tests="10" name="XYZ Bank App Test Cases" time="45.014" errors="0" timestamp="07 Mar 2024 16:19:23 GMT">
  <testcase classname="com.xyz.qa.testcases.LoginPageTest" name="customerLoginTest" time="0.974"/>
  <testcase classname="com.xyz.qa.testcases.LoginPageTest" name="loginPageTitleTest" time="0.012"/>
  <testcase classname="com.xyz.qa.testcases.AddCustomerPageTest" name="verifyAddCustomerAlertMessage" time="2.864"/>
  <testcase classname="com.xyz.qa.testcases.OpenAccountPageTest" name="verifyOpenAccountAlertMessage" time="1.803"/>
  <testcase classname="com.xyz.qa.testcases.CustomersPageTest" name="verifyCustomerDetailsAndDelete" time="2.15"/>
  <testcase classname="com.xyz.qa.testcases.LoginPageTest" name="loginTest" time="1.631"/>
  <testcase classname="com.xyz.qa.testcases.CustomerLoginPageTest" name="verifyCustomerAccountDetails" time="0.529"/>
  <testcase classname="com.xyz.qa.testcases.DepositPageTest" name="depositAmountAndVerifyTransaction" time="0.946"/>
  <testcase classname="com.xyz.qa.testcases.WithdrawPageTest" name="withdrawAmount" time="1.518"/>
  <testcase classname="com.xyz.qa.testcases.TransactionPageTest" name="depositWithdrawAndVerifyTransactions" time="1.105"/>
</testsuite> <!-- XYZ Bank App Test Cases -->
