<?xml version="1.0" encoding="UTF-8"?>
<testsuite xmlns:xsi="http://www.w3.org/2001/XMLSchema-instance" xsi:noNamespaceSchemaLocation="https://maven.apache.org/surefire/maven-surefire-plugin/xsd/surefire-test-report-3.0.xsd" version="3.0" name="TestSuite" time="276.579" tests="11" errors="0" skipped="1" failures="1">
  <properties>
[...]
</properties>
  <testcase name="customerLoginTest" classname="com.xyz.qa.testcases.LoginPageTest" time="0.844">
    <system-out><![CDATA[Before navigating to: 'https://www.globalsqa.com/angularJs-protractor/BankingProject/#/login'
Navigated to:'https://www.globalsqa.com/angularJs-protractor/BankingProject/#/login'
Trying to find Element By : By.xpath: //button[normalize-space()='Customer Login']
Found Element By : By.xpath: //button[normalize-space()='Customer Login']
Trying to click on: [[ChromeDriver: chrome on WINDOWS (cdb7f5a7a7767223788d2b40a3c1ddb9)] -> xpath: //button[normalize-space()='Customer Login']]
Clicked on: [[ChromeDriver: chrome on WINDOWS (cdb7f5a7a7767223788d2b40a3c1ddb9)] -> xpath: //button[normalize-space()='Customer Login']]
]]></system-out>
    <system-err><![CDATA[Starting ChromeDriver 122.0.6261.57 (87957e464700ccf3468df47ce741e0dc089e0544-refs/branch-heads/6261@{#853}) on port 16858
Only local connections are allowed.
Please see https://chromedriver.chromium.org/security-considerations for suggestions on keeping ChromeDriver safe.
ChromeDriver was started successfully.
Mar 06, 2024 10:42:31 PM org.openqa.selenium.remote.ProtocolHandshake createSession
INFO: Detected dialect: W3C
]]></system-err>
  </testcase>
  <testcase name="loginPageTitleTest" classname="com.xyz.qa.testcases.LoginPageTest" time="0.016">
    <system-out><![CDATA[Before navigating to: 'https://www.globalsqa.com/angularJs-protractor/BankingProject/#/login'
Navigated to:'https://www.globalsqa.com/angularJs-protractor/BankingProject/#/login'
]]></system-out>
    <system-err><![CDATA[Starting ChromeDriver 122.0.6261.57 (87957e464700ccf3468df47ce741e0dc089e0544-refs/branch-heads/6261@{#853}) on port 34069
Only local connections are allowed.
Please see https://chromedriver.chromium.org/security-considerations for suggestions on keeping ChromeDriver safe.
ChromeDriver was started successfully.
Mar 06, 2024 10:42:40 PM org.openqa.selenium.remote.ProtocolHandshake createSession
INFO: Detected dialect: W3C
]]></system-err>
  </testcase>
  <testcase name="loginTest" classname="com.xyz.qa.testcases.LoginPageTest" time="3.048">
    <system-out><![CDATA[Before navigating to: 'https://www.globalsqa.com/angularJs-protractor/BankingProject/#/login'
Navigated to:'https://www.globalsqa.com/angularJs-protractor/BankingProject/#/login'
Trying to find Element By : By.xpath: //button[normalize-space()='Customer Login']
Found Element By : By.xpath: //button[normalize-space()='Customer Login']
Trying to click on: [[ChromeDriver: chrome on WINDOWS (642b4de0c63b44fd6e09e4d5bf108438)] -> xpath: //button[normalize-space()='Customer Login']]
Clicked on: [[ChromeDriver: chrome on WINDOWS (642b4de0c63b44fd6e09e4d5bf108438)] -> xpath: //button[normalize-space()='Customer Login']]
Trying to find Element By : By.xpath: //select[@id='userSelect']
Found Element By : By.xpath: //select[@id='userSelect']
Trying to find Element By : By.xpath: //select[@id='userSelect']
Found Element By : By.xpath: //select[@id='userSelect']
Trying to find Element By : By.xpath: //select[@id='userSelect']
Found Element By : By.xpath: //select[@id='userSelect']
Trying to find Element By : By.xpath: .//option[normalize-space(.) = "Harry Potter"]
Found Element By : By.xpath: .//option[normalize-space(.) = "Harry Potter"]
Trying to click on: [[[[ChromeDriver: chrome on WINDOWS (642b4de0c63b44fd6e09e4d5bf108438)] -> xpath: //select[@id='userSelect']]] -> xpath: .//option[normalize-space(.) = "Harry Potter"]]
Clicked on: [[[[ChromeDriver: chrome on WINDOWS (642b4de0c63b44fd6e09e4d5bf108438)] -> xpath: //select[@id='userSelect']]] -> xpath: .//option[normalize-space(.) = "Harry Potter"]]
Trying to find Element By : By.xpath: //button[normalize-space()='Login']
Found Element By : By.xpath: //button[normalize-space()='Login']
Trying to click on: [[ChromeDriver: chrome on WINDOWS (642b4de0c63b44fd6e09e4d5bf108438)] -> xpath: //button[normalize-space()='Login']]
Clicked on: [[ChromeDriver: chrome on WINDOWS (642b4de0c63b44fd6e09e4d5bf108438)] -> xpath: //button[normalize-space()='Login']]
]]></system-out>
    <system-err><![CDATA[Starting ChromeDriver 122.0.6261.57 (87957e464700ccf3468df47ce741e0dc089e0544-refs/branch-heads/6261@{#853}) on port 5379
Only local connections are allowed.
Please see https://chromedriver.chromium.org/security-considerations for suggestions on keeping ChromeDriver safe.
ChromeDriver was started successfully.
Mar 06, 2024 10:44:08 PM org.openqa.selenium.remote.ProtocolHandshake createSession
INFO: Detected dialect: W3C
]]></system-err>
  </testcase>
  <testcase name="verifyAddCustomerAlertMessage" classname="com.xyz.qa.testcases.ManagerAddCustomerPageTest" time="4.174">
    <system-out><![CDATA[Before navigating to: 'https://www.globalsqa.com/angularJs-protractor/BankingProject/#/login'
Navigated to:'https://www.globalsqa.com/angularJs-protractor/BankingProject/#/login'
Trying to find Element By : By.xpath: //button[normalize-space()='Bank Manager Login']
Found Element By : By.xpath: //button[normalize-space()='Bank Manager Login']
Trying to click on: [[ChromeDriver: chrome on WINDOWS (6ab7c1ec9651eb77db73bf210cb0067e)] -> xpath: //button[normalize-space()='Bank Manager Login']]
Clicked on: [[ChromeDriver: chrome on WINDOWS (6ab7c1ec9651eb77db73bf210cb0067e)] -> xpath: //button[normalize-space()='Bank Manager Login']]
Trying to find Element By : By.xpath: //button[normalize-space()='Add Customer']
Found Element By : By.xpath: //button[normalize-space()='Add Customer']
Trying to click on: [[ChromeDriver: chrome on WINDOWS (6ab7c1ec9651eb77db73bf210cb0067e)] -> xpath: //button[normalize-space()='Add Customer']]
Clicked on: [[ChromeDriver: chrome on WINDOWS (6ab7c1ec9651eb77db73bf210cb0067e)] -> xpath: //button[normalize-space()='Add Customer']]
Trying to find Element By : By.xpath: //input[@placeholder='First Name']
Found Element By : By.xpath: //input[@placeholder='First Name']
Trying to find Element By : By.xpath: //input[@placeholder='Last Name']
Found Element By : By.xpath: //input[@placeholder='Last Name']
Trying to find Element By : By.xpath: //input[@placeholder='Post Code']
Found Element By : By.xpath: //input[@placeholder='Post Code']
Trying to find Element By : By.xpath: //button[@type='submit']
Found Element By : By.xpath: //button[@type='submit']
Trying to click on: [[ChromeDriver: chrome on WINDOWS (6ab7c1ec9651eb77db73bf210cb0067e)] -> xpath: //button[@type='submit']]
Clicked on: [[ChromeDriver: chrome on WINDOWS (6ab7c1ec9651eb77db73bf210cb0067e)] -> xpath: //button[@type='submit']]
]]></system-out>
    <system-err><![CDATA[Starting ChromeDriver 122.0.6261.57 (87957e464700ccf3468df47ce741e0dc089e0544-refs/branch-heads/6261@{#853}) on port 32368
Only local connections are allowed.
Please see https://chromedriver.chromium.org/security-considerations for suggestions on keeping ChromeDriver safe.
ChromeDriver was started successfully.
Mar 06, 2024 10:42:56 PM org.openqa.selenium.remote.ProtocolHandshake createSession
INFO: Detected dialect: W3C
]]></system-err>
  </testcase>
  <testcase name="verifyCustomerDetailsAndDelete" classname="com.xyz.qa.testcases.ManagerCustomersPageTest" time="10.941">
    <system-out><![CDATA[Before navigating to: 'https://www.globalsqa.com/angularJs-protractor/BankingProject/#/login'
Navigated to:'https://www.globalsqa.com/angularJs-protractor/BankingProject/#/login'
Trying to find Element By : By.xpath: //button[normalize-space()='Bank Manager Login']
Found Element By : By.xpath: //button[normalize-space()='Bank Manager Login']
Trying to click on: [[ChromeDriver: chrome on WINDOWS (450f066f6ba711d9d9c5a98825d8b98c)] -> xpath: //button[normalize-space()='Bank Manager Login']]
Clicked on: [[ChromeDriver: chrome on WINDOWS (450f066f6ba711d9d9c5a98825d8b98c)] -> xpath: //button[normalize-space()='Bank Manager Login']]
Trying to find Element By : By.xpath: //button[normalize-space()='Customers']
Found Element By : By.xpath: //button[normalize-space()='Customers']
Trying to click on: [[ChromeDriver: chrome on WINDOWS (450f066f6ba711d9d9c5a98825d8b98c)] -> xpath: //button[normalize-space()='Customers']]
Clicked on: [[ChromeDriver: chrome on WINDOWS (450f066f6ba711d9d9c5a98825d8b98c)] -> xpath: //button[normalize-space()='Customers']]
Trying to find Element By : By.xpath: //input[@placeholder='Search Customer']
Found Element By : By.xpath: //input[@placeholder='Search Customer']
Trying to find Element By : By.xpath: //td[normalize-space()='Neville']
Found Element By : By.xpath: //td[normalize-space()='Neville']
Trying to find Element By : By.xpath: //td[normalize-space()='Longbottom']
Found Element By : By.xpath: //td[normalize-space()='Longbottom']
Trying to find Element By : By.xpath: //td[normalize-space()='E89898']
Found Element By : By.xpath: //td[normalize-space()='E89898']
Trying to find Element By : By.xpath: //tbody//td[4]
Found Element By : By.xpath: //tbody//td[4]
Trying to find Element By : By.xpath: //button[normalize-space()='Delete']
Found Element By : By.xpath: //button[normalize-space()='Delete']
Trying to click on: [[ChromeDriver: chrome on WINDOWS (450f066f6ba711d9d9c5a98825d8b98c)] -> xpath: //button[normalize-space()='Delete']]
Clicked on: [[ChromeDriver: chrome on WINDOWS (450f066f6ba711d9d9c5a98825d8b98c)] -> xpath: //button[normalize-space()='Delete']]
]]></system-out>
    <system-err><![CDATA[Starting ChromeDriver 122.0.6261.57 (87957e464700ccf3468df47ce741e0dc089e0544-refs/branch-heads/6261@{#853}) on port 2845
Only local connections are allowed.
Please see https://chromedriver.chromium.org/security-considerations for suggestions on keeping ChromeDriver safe.
ChromeDriver was started successfully.
Mar 06, 2024 10:43:25 PM org.openqa.selenium.remote.ProtocolHandshake createSession
INFO: Detected dialect: W3C
]]></system-err>
  </testcase>
  <testcase name="verifyOpenAccountAlertMessage" classname="com.xyz.qa.testcases.ManagerOpenAccountPageTest" time="3.129">
    <system-out><![CDATA[Before navigating to: 'https://www.globalsqa.com/angularJs-protractor/BankingProject/#/login'
Navigated to:'https://www.globalsqa.com/angularJs-protractor/BankingProject/#/login'
Trying to find Element By : By.xpath: //button[normalize-space()='Bank Manager Login']
Found Element By : By.xpath: //button[normalize-space()='Bank Manager Login']
Trying to click on: [[ChromeDriver: chrome on WINDOWS (e0a36db94fead74a311a6d32a0a2762d)] -> xpath: //button[normalize-space()='Bank Manager Login']]
Clicked on: [[ChromeDriver: chrome on WINDOWS (e0a36db94fead74a311a6d32a0a2762d)] -> xpath: //button[normalize-space()='Bank Manager Login']]
Trying to find Element By : By.xpath: //button[normalize-space()='Open Account']
Found Element By : By.xpath: //button[normalize-space()='Open Account']
Trying to click on: [[ChromeDriver: chrome on WINDOWS (e0a36db94fead74a311a6d32a0a2762d)] -> xpath: //button[normalize-space()='Open Account']]
Clicked on: [[ChromeDriver: chrome on WINDOWS (e0a36db94fead74a311a6d32a0a2762d)] -> xpath: //button[normalize-space()='Open Account']]
Trying to find Element By : By.xpath: //select[@id='userSelect']
Found Element By : By.xpath: //select[@id='userSelect']
Trying to find Element By : By.xpath: //select[@id='userSelect']
Found Element By : By.xpath: //select[@id='userSelect']
Trying to find Element By : By.xpath: //select[@id='userSelect']
Found Element By : By.xpath: //select[@id='userSelect']
Trying to find Element By : By.xpath: .//option[normalize-space(.) = "Harry Potter"]
Found Element By : By.xpath: .//option[normalize-space(.) = "Harry Potter"]
Trying to click on: [[[[ChromeDriver: chrome on WINDOWS (e0a36db94fead74a311a6d32a0a2762d)] -> xpath: //select[@id='userSelect']]] -> xpath: .//option[normalize-space(.) = "Harry Potter"]]
Clicked on: [[[[ChromeDriver: chrome on WINDOWS (e0a36db94fead74a311a6d32a0a2762d)] -> xpath: //select[@id='userSelect']]] -> xpath: .//option[normalize-space(.) = "Harry Potter"]]
Trying to find Element By : By.xpath: //select[@id='currency']
Found Element By : By.xpath: //select[@id='currency']
Trying to find Element By : By.xpath: //select[@id='currency']
Found Element By : By.xpath: //select[@id='currency']
Trying to find Element By : By.xpath: //select[@id='currency']
Found Element By : By.xpath: //select[@id='currency']
Trying to find Element By : By.xpath: .//option[normalize-space(.) = "Dollar"]
Found Element By : By.xpath: .//option[normalize-space(.) = "Dollar"]
Trying to click on: [[[[ChromeDriver: chrome on WINDOWS (e0a36db94fead74a311a6d32a0a2762d)] -> xpath: //select[@id='currency']]] -> xpath: .//option[normalize-space(.) = "Dollar"]]
Clicked on: [[[[ChromeDriver: chrome on WINDOWS (e0a36db94fead74a311a6d32a0a2762d)] -> xpath: //select[@id='currency']]] -> xpath: .//option[normalize-space(.) = "Dollar"]]
Trying to find Element By : By.xpath: //button[@type='submit']
Found Element By : By.xpath: //button[@type='submit']
Trying to click on: [[ChromeDriver: chrome on WINDOWS (e0a36db94fead74a311a6d32a0a2762d)] -> xpath: //button[@type='submit']]
Clicked on: [[ChromeDriver: chrome on WINDOWS (e0a36db94fead74a311a6d32a0a2762d)] -> xpath: //button[@type='submit']]
]]></system-out>
    <system-err><![CDATA[Starting ChromeDriver 122.0.6261.57 (87957e464700ccf3468df47ce741e0dc089e0544-refs/branch-heads/6261@{#853}) on port 9457
Only local connections are allowed.
Please see https://chromedriver.chromium.org/security-considerations for suggestions on keeping ChromeDriver safe.
ChromeDriver was started successfully.
Mar 06, 2024 10:43:49 PM org.openqa.selenium.remote.ProtocolHandshake createSession
INFO: Detected dialect: W3C
]]></system-err>
  </testcase>
  <testcase name="verifyCustomerAccountDetails" classname="com.xyz.qa.testcases.CustomerAccountPageTest" time="1.552">
    <system-out><![CDATA[Before navigating to: 'https://www.globalsqa.com/angularJs-protractor/BankingProject/#/login'
Navigated to:'https://www.globalsqa.com/angularJs-protractor/BankingProject/#/login'
Trying to find Element By : By.xpath: //button[normalize-space()='Customer Login']
Found Element By : By.xpath: //button[normalize-space()='Customer Login']
Trying to click on: [[ChromeDriver: chrome on WINDOWS (4d68ffcd366d1e118d95187e09f20670)] -> xpath: //button[normalize-space()='Customer Login']]
Clicked on: [[ChromeDriver: chrome on WINDOWS (4d68ffcd366d1e118d95187e09f20670)] -> xpath: //button[normalize-space()='Customer Login']]
Trying to find Element By : By.xpath: //select[@id='userSelect']
Found Element By : By.xpath: //select[@id='userSelect']
Trying to find Element By : By.xpath: //select[@id='userSelect']
Found Element By : By.xpath: //select[@id='userSelect']
Trying to find Element By : By.xpath: //select[@id='userSelect']
Found Element By : By.xpath: //select[@id='userSelect']
Trying to find Element By : By.xpath: .//option[normalize-space(.) = "Harry Potter"]
Found Element By : By.xpath: .//option[normalize-space(.) = "Harry Potter"]
Trying to click on: [[[[ChromeDriver: chrome on WINDOWS (4d68ffcd366d1e118d95187e09f20670)] -> xpath: //select[@id='userSelect']]] -> xpath: .//option[normalize-space(.) = "Harry Potter"]]
Clicked on: [[[[ChromeDriver: chrome on WINDOWS (4d68ffcd366d1e118d95187e09f20670)] -> xpath: //select[@id='userSelect']]] -> xpath: .//option[normalize-space(.) = "Harry Potter"]]
Trying to find Element By : By.xpath: //button[normalize-space()='Login']
Found Element By : By.xpath: //button[normalize-space()='Login']
Trying to click on: [[ChromeDriver: chrome on WINDOWS (4d68ffcd366d1e118d95187e09f20670)] -> xpath: //button[normalize-space()='Login']]
Clicked on: [[ChromeDriver: chrome on WINDOWS (4d68ffcd366d1e118d95187e09f20670)] -> xpath: //button[normalize-space()='Login']]
Trying to find Element By : By.xpath: //strong[@class='mainHeading']
Found Element By : By.xpath: //strong[@class='mainHeading']
Trying to find Element By : By.xpath: //span[@class='fontBig ng-binding']
Found Element By : By.xpath: //span[@class='fontBig ng-binding']
Trying to find Element By : By.xpath: //button[normalize-space()='Deposit']
Found Element By : By.xpath: //button[normalize-space()='Deposit']
Trying to click on: [[ChromeDriver: chrome on WINDOWS (4d68ffcd366d1e118d95187e09f20670)] -> xpath: //button[normalize-space()='Deposit']]
Clicked on: [[ChromeDriver: chrome on WINDOWS (4d68ffcd366d1e118d95187e09f20670)] -> xpath: //button[normalize-space()='Deposit']]
Trying to find Element By : By.xpath: //button[normalize-space()='Withdrawl']
Found Element By : By.xpath: //button[normalize-space()='Withdrawl']
Trying to click on: [[ChromeDriver: chrome on WINDOWS (4d68ffcd366d1e118d95187e09f20670)] -> xpath: //button[normalize-space()='Withdrawl']]
Clicked on: [[ChromeDriver: chrome on WINDOWS (4d68ffcd366d1e118d95187e09f20670)] -> xpath: //button[normalize-space()='Withdrawl']]
]]></system-out>
    <system-err><![CDATA[Starting ChromeDriver 122.0.6261.57 (87957e464700ccf3468df47ce741e0dc089e0544-refs/branch-heads/6261@{#853}) on port 20597
Only local connections are allowed.
Please see https://chromedriver.chromium.org/security-considerations for suggestions on keeping ChromeDriver safe.
ChromeDriver was started successfully.
Mar 06, 2024 10:44:55 PM org.openqa.selenium.remote.ProtocolHandshake createSession
INFO: Detected dialect: W3C
]]></system-err>
  </testcase>
  <testcase name="depositAmountAndVerifyTransaction" classname="com.xyz.qa.testcases.DepositPageTest" time="1.752">
    <system-out><![CDATA[Before navigating to: 'https://www.globalsqa.com/angularJs-protractor/BankingProject/#/login'
Navigated to:'https://www.globalsqa.com/angularJs-protractor/BankingProject/#/login'
Trying to find Element By : By.xpath: //button[normalize-space()='Customer Login']
Found Element By : By.xpath: //button[normalize-space()='Customer Login']
Trying to click on: [[ChromeDriver: chrome on WINDOWS (47424d57e8802f2970fb1ff5cad860b8)] -> xpath: //button[normalize-space()='Customer Login']]
Clicked on: [[ChromeDriver: chrome on WINDOWS (47424d57e8802f2970fb1ff5cad860b8)] -> xpath: //button[normalize-space()='Customer Login']]
Trying to find Element By : By.xpath: //select[@id='userSelect']
Found Element By : By.xpath: //select[@id='userSelect']
Trying to find Element By : By.xpath: //select[@id='userSelect']
Found Element By : By.xpath: //select[@id='userSelect']
Trying to find Element By : By.xpath: //select[@id='userSelect']
Found Element By : By.xpath: //select[@id='userSelect']
Trying to find Element By : By.xpath: .//option[normalize-space(.) = "Harry Potter"]
Found Element By : By.xpath: .//option[normalize-space(.) = "Harry Potter"]
Trying to click on: [[[[ChromeDriver: chrome on WINDOWS (47424d57e8802f2970fb1ff5cad860b8)] -> xpath: //select[@id='userSelect']]] -> xpath: .//option[normalize-space(.) = "Harry Potter"]]
Clicked on: [[[[ChromeDriver: chrome on WINDOWS (47424d57e8802f2970fb1ff5cad860b8)] -> xpath: //select[@id='userSelect']]] -> xpath: .//option[normalize-space(.) = "Harry Potter"]]
Trying to find Element By : By.xpath: //button[normalize-space()='Login']
Found Element By : By.xpath: //button[normalize-space()='Login']
Trying to click on: [[ChromeDriver: chrome on WINDOWS (47424d57e8802f2970fb1ff5cad860b8)] -> xpath: //button[normalize-space()='Login']]
Clicked on: [[ChromeDriver: chrome on WINDOWS (47424d57e8802f2970fb1ff5cad860b8)] -> xpath: //button[normalize-space()='Login']]
Trying to find Element By : By.xpath: //button[normalize-space()='Deposit']
Found Element By : By.xpath: //button[normalize-space()='Deposit']
Trying to click on: [[ChromeDriver: chrome on WINDOWS (47424d57e8802f2970fb1ff5cad860b8)] -> xpath: //button[normalize-space()='Deposit']]
Clicked on: [[ChromeDriver: chrome on WINDOWS (47424d57e8802f2970fb1ff5cad860b8)] -> xpath: //button[normalize-space()='Deposit']]
Trying to find Element By : By.xpath: //input[@placeholder='amount']
Found Element By : By.xpath: //input[@placeholder='amount']
Trying to find Element By : By.xpath: //button[@type='submit']
Found Element By : By.xpath: //button[@type='submit']
Trying to click on: [[ChromeDriver: chrome on WINDOWS (47424d57e8802f2970fb1ff5cad860b8)] -> xpath: //button[@type='submit']]
Clicked on: [[ChromeDriver: chrome on WINDOWS (47424d57e8802f2970fb1ff5cad860b8)] -> xpath: //button[@type='submit']]
Trying to find Element By : By.xpath: //span[@class='error ng-binding']
Found Element By : By.xpath: //span[@class='error ng-binding']
]]></system-out>
    <system-err><![CDATA[Starting ChromeDriver 122.0.6261.57 (87957e464700ccf3468df47ce741e0dc089e0544-refs/branch-heads/6261@{#853}) on port 13925
Only local connections are allowed.
Please see https://chromedriver.chromium.org/security-considerations for suggestions on keeping ChromeDriver safe.
ChromeDriver was started successfully.
Mar 06, 2024 10:45:13 PM org.openqa.selenium.remote.ProtocolHandshake createSession
INFO: Detected dialect: W3C
]]></system-err>
  </testcase>
  <testcase name="withdrawAmount" classname="com.xyz.qa.testcases.WithdrawPageTest" time="2.902">
    <system-out><![CDATA[Before navigating to: 'https://www.globalsqa.com/angularJs-protractor/BankingProject/#/login'
Navigated to:'https://www.globalsqa.com/angularJs-protractor/BankingProject/#/login'
Trying to find Element By : By.xpath: //button[normalize-space()='Customer Login']
Found Element By : By.xpath: //button[normalize-space()='Customer Login']
Trying to click on: [[ChromeDriver: chrome on WINDOWS (6a3836a31bbb2de348eeade1b84e26b9)] -> xpath: //button[normalize-space()='Customer Login']]
Clicked on: [[ChromeDriver: chrome on WINDOWS (6a3836a31bbb2de348eeade1b84e26b9)] -> xpath: //button[normalize-space()='Customer Login']]
Trying to find Element By : By.xpath: //select[@id='userSelect']
Found Element By : By.xpath: //select[@id='userSelect']
Trying to find Element By : By.xpath: //select[@id='userSelect']
Found Element By : By.xpath: //select[@id='userSelect']
Trying to find Element By : By.xpath: //select[@id='userSelect']
Found Element By : By.xpath: //select[@id='userSelect']
Trying to find Element By : By.xpath: .//option[normalize-space(.) = "Hermoine Granger"]
Found Element By : By.xpath: .//option[normalize-space(.) = "Hermoine Granger"]
Trying to click on: [[[[ChromeDriver: chrome on WINDOWS (6a3836a31bbb2de348eeade1b84e26b9)] -> xpath: //select[@id='userSelect']]] -> xpath: .//option[normalize-space(.) = "Hermoine Granger"]]
Clicked on: [[[[ChromeDriver: chrome on WINDOWS (6a3836a31bbb2de348eeade1b84e26b9)] -> xpath: //select[@id='userSelect']]] -> xpath: .//option[normalize-space(.) = "Hermoine Granger"]]
Trying to find Element By : By.xpath: //button[normalize-space()='Login']
Found Element By : By.xpath: //button[normalize-space()='Login']
Trying to click on: [[ChromeDriver: chrome on WINDOWS (6a3836a31bbb2de348eeade1b84e26b9)] -> xpath: //button[normalize-space()='Login']]
Clicked on: [[ChromeDriver: chrome on WINDOWS (6a3836a31bbb2de348eeade1b84e26b9)] -> xpath: //button[normalize-space()='Login']]
Trying to find Element By : By.xpath: //button[normalize-space()='Withdrawl']
Found Element By : By.xpath: //button[normalize-space()='Withdrawl']
Trying to click on: [[ChromeDriver: chrome on WINDOWS (6a3836a31bbb2de348eeade1b84e26b9)] -> xpath: //button[normalize-space()='Withdrawl']]
Clicked on: [[ChromeDriver: chrome on WINDOWS (6a3836a31bbb2de348eeade1b84e26b9)] -> xpath: //button[normalize-space()='Withdrawl']]
Trying to find Element By : By.xpath: //input[@placeholder='amount']
Found Element By : By.xpath: //input[@placeholder='amount']
Trying to find Element By : By.xpath: //input[@placeholder='amount']
Found Element By : By.xpath: //input[@placeholder='amount']
Trying to find Element By : By.xpath: //button[normalize-space()='Withdraw']
Found Element By : By.xpath: //button[normalize-space()='Withdraw']
Trying to click on: [[ChromeDriver: chrome on WINDOWS (6a3836a31bbb2de348eeade1b84e26b9)] -> xpath: //button[normalize-space()='Withdraw']]
Clicked on: [[ChromeDriver: chrome on WINDOWS (6a3836a31bbb2de348eeade1b84e26b9)] -> xpath: //button[normalize-space()='Withdraw']]
Trying to find Element By : By.xpath: //span[@class='error ng-binding']
Found Element By : By.xpath: //span[@class='error ng-binding']
Trying to find Element By : By.xpath: //button[normalize-space()='Withdrawl']
Found Element By : By.xpath: //button[normalize-space()='Withdrawl']
Trying to click on: [[ChromeDriver: chrome on WINDOWS (6a3836a31bbb2de348eeade1b84e26b9)] -> xpath: //button[normalize-space()='Withdrawl']]
Clicked on: [[ChromeDriver: chrome on WINDOWS (6a3836a31bbb2de348eeade1b84e26b9)] -> xpath: //button[normalize-space()='Withdrawl']]
Trying to find Element By : By.xpath: //input[@placeholder='amount']
Found Element By : By.xpath: //input[@placeholder='amount']
Trying to find Element By : By.xpath: //input[@placeholder='amount']
Found Element By : By.xpath: //input[@placeholder='amount']
Trying to find Element By : By.xpath: //button[normalize-space()='Withdraw']
Found Element By : By.xpath: //button[normalize-space()='Withdraw']
Trying to click on: [[ChromeDriver: chrome on WINDOWS (6a3836a31bbb2de348eeade1b84e26b9)] -> xpath: //button[normalize-space()='Withdraw']]
Clicked on: [[ChromeDriver: chrome on WINDOWS (6a3836a31bbb2de348eeade1b84e26b9)] -> xpath: //button[normalize-space()='Withdraw']]
Trying to find Element By : By.xpath: //span[@class='error ng-binding']
Found Element By : By.xpath: //span[@class='error ng-binding']
]]></system-out>
    <system-err><![CDATA[Starting ChromeDriver 122.0.6261.57 (87957e464700ccf3468df47ce741e0dc089e0544-refs/branch-heads/6261@{#853}) on port 10231
Only local connections are allowed.
Please see https://chromedriver.chromium.org/security-considerations for suggestions on keeping ChromeDriver safe.
ChromeDriver was started successfully.
Mar 06, 2024 10:45:39 PM org.openqa.selenium.remote.ProtocolHandshake createSession
INFO: Detected dialect: W3C
]]></system-err>
  </testcase>
  <testcase name="setUp" classname="com.xyz.qa.testcases.TransactionPageTest" time="72.873">
    <failure message="no such element: Unable to locate element: {&quot;method&quot;:&quot;xpath&quot;,&quot;selector&quot;:&quot;//button[normalize-space()=&apos;Customer Login&apos;]&quot;}&#10;  (Session info: chrome=122.0.6261.95)&#10;For documentation on this error, please visit: http://seleniumhq.org/exceptions/no_such_element.html&#10;Build info: version: &apos;3.14.0&apos;, revision: &apos;aacccce0&apos;, time: &apos;2018-08-02T20:19:58.91Z&apos;&#10;System info: host: &apos;HPLAPTOP&apos;, ip: &apos;192.168.1.4&apos;, os.name: &apos;Windows 10&apos;, os.arch: &apos;amd64&apos;, os.version: &apos;10.0&apos;, java.version: &apos;17.0.10&apos;&#10;Driver info: org.openqa.selenium.chrome.ChromeDriver&#10;Capabilities {acceptInsecureCerts: false, browserName: chrome, browserVersion: 122.0.6261.95, chrome: {chromedriverVersion: 122.0.6261.57 (87957e464700..., userDataDir: C:\Users\ADMIN\AppData\Loca...}, fedcm:accounts: true, goog:chromeOptions: {debuggerAddress: localhost:11636}, javascriptEnabled: true, networkConnectionEnabled: false, pageLoadStrategy: normal, platform: WINDOWS, platformName: WINDOWS, proxy: Proxy(), setWindowRect: true, strictFileInteractability: false, timeouts: {implicit: 0, pageLoad: 300000, script: 30000}, unhandledPromptBehavior: dismiss and notify, webauthn:extension:credBlob: true, webauthn:extension:largeBlob: true, webauthn:extension:minPinLength: true, webauthn:extension:prf: true, webauthn:virtualAuthenticators: true}&#10;Session ID: 256f770b2b8b721ad90354cf3679093a&#10;*** Element info: {Using=xpath, value=//button[normalize-space()=&apos;Customer Login&apos;]}" type="org.openqa.selenium.NoSuchElementException"><![CDATA[org.openqa.selenium.NoSuchElementException: 
no such element: Unable to locate element: {"method":"xpath","selector":"//button[normalize-space()='Customer Login']"}
  (Session info: chrome=122.0.6261.95)
For documentation on this error, please visit: http://seleniumhq.org/exceptions/no_such_element.html
Build info: version: '3.14.0', revision: 'aacccce0', time: '2018-08-02T20:19:58.91Z'
System info: host: 'HPLAPTOP', ip: '192.168.1.4', os.name: 'Windows 10', os.arch: 'amd64', os.version: '10.0', java.version: '17.0.10'
Driver info: org.openqa.selenium.chrome.ChromeDriver
Capabilities {acceptInsecureCerts: false, browserName: chrome, browserVersion: 122.0.6261.95, chrome: {chromedriverVersion: 122.0.6261.57 (87957e464700..., userDataDir: C:\Users\ADMIN\AppData\Loca...}, fedcm:accounts: true, goog:chromeOptions: {debuggerAddress: localhost:11636}, javascriptEnabled: true, networkConnectionEnabled: false, pageLoadStrategy: normal, platform: WINDOWS, platformName: WINDOWS, proxy: Proxy(), setWindowRect: true, strictFileInteractability: false, timeouts: {implicit: 0, pageLoad: 300000, script: 30000}, unhandledPromptBehavior: dismiss and notify, webauthn:extension:credBlob: true, webauthn:extension:largeBlob: true, webauthn:extension:minPinLength: true, webauthn:extension:prf: true, webauthn:virtualAuthenticators: true}
Session ID: 256f770b2b8b721ad90354cf3679093a
*** Element info: {Using=xpath, value=//button[normalize-space()='Customer Login']}
	at java.base/jdk.internal.reflect.NativeConstructorAccessorImpl.newInstance0(Native Method)
	at java.base/jdk.internal.reflect.NativeConstructorAccessorImpl.newInstance(NativeConstructorAccessorImpl.java:77)
	at java.base/jdk.internal.reflect.DelegatingConstructorAccessorImpl.newInstance(DelegatingConstructorAccessorImpl.java:45)
	at java.base/java.lang.reflect.Constructor.newInstanceWithCaller(Constructor.java:499)
	at java.base/java.lang.reflect.Constructor.newInstance(Constructor.java:480)
	at org.openqa.selenium.remote.http.W3CHttpResponseCodec.createException(W3CHttpResponseCodec.java:187)
	at org.openqa.selenium.remote.http.W3CHttpResponseCodec.decode(W3CHttpResponseCodec.java:122)
	at org.openqa.selenium.remote.http.W3CHttpResponseCodec.decode(W3CHttpResponseCodec.java:49)
	at org.openqa.selenium.remote.HttpCommandExecutor.execute(HttpCommandExecutor.java:158)
	at org.openqa.selenium.remote.service.DriverCommandExecutor.execute(DriverCommandExecutor.java:83)
	at org.openqa.selenium.remote.RemoteWebDriver.execute(RemoteWebDriver.java:548)
	at org.openqa.selenium.remote.RemoteWebDriver.findElement(RemoteWebDriver.java:322)
	at org.openqa.selenium.remote.RemoteWebDriver.findElementByXPath(RemoteWebDriver.java:424)
	at org.openqa.selenium.By$ByXPath.findElement(By.java:353)
	at org.openqa.selenium.remote.RemoteWebDriver.findElement(RemoteWebDriver.java:314)
	at jdk.internal.reflect.GeneratedMethodAccessor3.invoke(Unknown Source)
	at java.base/jdk.internal.reflect.DelegatingMethodAccessorImpl.invoke(DelegatingMethodAccessorImpl.java:43)
	at java.base/java.lang.reflect.Method.invoke(Method.java:568)
	at org.openqa.selenium.support.events.EventFiringWebDriver.lambda$new$1(EventFiringWebDriver.java:105)
	at jdk.proxy2/jdk.proxy2.$Proxy6.findElement(Unknown Source)
	at org.openqa.selenium.support.events.EventFiringWebDriver.findElement(EventFiringWebDriver.java:194)
	at org.openqa.selenium.support.pagefactory.DefaultElementLocator.findElement(DefaultElementLocator.java:69)
	at org.openqa.selenium.support.pagefactory.internal.LocatingElementHandler.invoke(LocatingElementHandler.java:38)
	at jdk.proxy2/jdk.proxy2.$Proxy10.click(Unknown Source)
	at com.xyz.qa.pages.LoginPage.customerLogin(LoginPage.java:37)
	at com.xyz.qa.pages.LoginPage.loginAsCustomer(LoginPage.java:58)
	at com.xyz.qa.testcases.TransactionPageTest.setUp(TransactionPageTest.java:31)
	at java.base/jdk.internal.reflect.NativeMethodAccessorImpl.invoke0(Native Method)
	at java.base/jdk.internal.reflect.NativeMethodAccessorImpl.invoke(NativeMethodAccessorImpl.java:77)
	at java.base/jdk.internal.reflect.DelegatingMethodAccessorImpl.invoke(DelegatingMethodAccessorImpl.java:43)
	at java.base/java.lang.reflect.Method.invoke(Method.java:568)
	at org.testng.internal.MethodInvocationHelper.invokeMethod(MethodInvocationHelper.java:108)
	at org.testng.internal.Invoker.invokeConfigurationMethod(Invoker.java:523)
	at org.testng.internal.Invoker.invokeConfigurations(Invoker.java:224)
	at org.testng.internal.Invoker.invokeMethod(Invoker.java:599)
	at org.testng.internal.Invoker.invokeTestMethod(Invoker.java:869)
	at org.testng.internal.Invoker.invokeTestMethods(Invoker.java:1193)
	at org.testng.internal.TestMethodWorker.invokeTestMethods(TestMethodWorker.java:126)
	at org.testng.internal.TestMethodWorker.run(TestMethodWorker.java:109)
	at org.testng.TestRunner.privateRun(TestRunner.java:744)
	at org.testng.TestRunner.run(TestRunner.java:602)
	at org.testng.SuiteRunner.runTest(SuiteRunner.java:380)
	at org.testng.SuiteRunner.runSequentially(SuiteRunner.java:375)
	at org.testng.SuiteRunner.privateRun(SuiteRunner.java:340)
	at org.testng.SuiteRunner.run(SuiteRunner.java:289)
	at org.testng.SuiteRunnerWorker.runSuite(SuiteRunnerWorker.java:52)
	at org.testng.SuiteRunnerWorker.run(SuiteRunnerWorker.java:86)
	at org.testng.TestNG.runSuitesSequentially(TestNG.java:1301)
	at org.testng.TestNG.runSuitesLocally(TestNG.java:1226)
	at org.testng.TestNG.runSuites(TestNG.java:1144)
	at org.testng.TestNG.run(TestNG.java:1115)
	at org.apache.maven.surefire.testng.TestNGExecutor.run(TestNGExecutor.java:155)
	at org.apache.maven.surefire.testng.TestNGDirectoryTestSuite.executeMulti(TestNGDirectoryTestSuite.java:169)
	at org.apache.maven.surefire.testng.TestNGDirectoryTestSuite.execute(TestNGDirectoryTestSuite.java:88)
	at org.apache.maven.surefire.testng.TestNGProvider.invoke(TestNGProvider.java:137)
	at org.apache.maven.surefire.booter.ForkedBooter.runSuitesInProcess(ForkedBooter.java:385)
	at org.apache.maven.surefire.booter.ForkedBooter.execute(ForkedBooter.java:162)
	at org.apache.maven.surefire.booter.ForkedBooter.run(ForkedBooter.java:507)
	at org.apache.maven.surefire.booter.ForkedBooter.main(ForkedBooter.java:495)
]]></failure>
    <system-out><![CDATA[Before navigating to: 'https://www.globalsqa.com/angularJs-protractor/BankingProject/#/login'
Navigated to:'https://www.globalsqa.com/angularJs-protractor/BankingProject/#/login'
Trying to find Element By : By.xpath: //button[normalize-space()='Customer Login']
Exception occured: org.openqa.selenium.NoSuchElementException: no such element: Unable to locate element: {"method":"xpath","selector":"//button[normalize-space()='Customer Login']"}
  (Session info: chrome=122.0.6261.95)
For documentation on this error, please visit: http://seleniumhq.org/exceptions/no_such_element.html
Build info: version: '3.14.0', revision: 'aacccce0', time: '2018-08-02T20:19:58.91Z'
System info: host: 'HPLAPTOP', ip: '192.168.1.4', os.name: 'Windows 10', os.arch: 'amd64', os.version: '10.0', java.version: '17.0.10'
Driver info: org.openqa.selenium.chrome.ChromeDriver
Capabilities {acceptInsecureCerts: false, browserName: chrome, browserVersion: 122.0.6261.95, chrome: {chromedriverVersion: 122.0.6261.57 (87957e464700..., userDataDir: C:\Users\ADMIN\AppData\Loca...}, fedcm:accounts: true, goog:chromeOptions: {debuggerAddress: localhost:11636}, javascriptEnabled: true, networkConnectionEnabled: false, pageLoadStrategy: normal, platform: WINDOWS, platformName: WINDOWS, proxy: Proxy(), setWindowRect: true, strictFileInteractability: false, timeouts: {implicit: 0, pageLoad: 300000, script: 30000}, unhandledPromptBehavior: dismiss and notify, webauthn:extension:credBlob: true, webauthn:extension:largeBlob: true, webauthn:extension:minPinLength: true, webauthn:extension:prf: true, webauthn:virtualAuthenticators: true}
Session ID: 256f770b2b8b721ad90354cf3679093a
*** Element info: {Using=xpath, value=//button[normalize-space()='Customer Login']}
]]></system-out>
    <system-err><![CDATA[Starting ChromeDriver 122.0.6261.57 (87957e464700ccf3468df47ce741e0dc089e0544-refs/branch-heads/6261@{#853}) on port 19242
Only local connections are allowed.
Please see https://chromedriver.chromium.org/security-considerations for suggestions on keeping ChromeDriver safe.
ChromeDriver was started successfully.
Mar 06, 2024 10:45:57 PM org.openqa.selenium.remote.ProtocolHandshake createSession
INFO: Detected dialect: W3C
]]></system-err>
  </testcase>
  <testcase name="depositWithdrawAndVerifyTransactions" classname="com.xyz.qa.testcases.TransactionPageTest" time="0.0">
    <skipped message="no such element: Unable to locate element: {&quot;method&quot;:&quot;xpath&quot;,&quot;selector&quot;:&quot;//button[normalize-space()=&apos;Customer Login&apos;]&quot;}&#10;  (Session info: chrome=122.0.6261.95)&#10;For documentation on this error, please visit: http://seleniumhq.org/exceptions/no_such_element.html&#10;Build info: version: &apos;3.14.0&apos;, revision: &apos;aacccce0&apos;, time: &apos;2018-08-02T20:19:58.91Z&apos;&#10;System info: host: &apos;HPLAPTOP&apos;, ip: &apos;192.168.1.4&apos;, os.name: &apos;Windows 10&apos;, os.arch: &apos;amd64&apos;, os.version: &apos;10.0&apos;, java.version: &apos;17.0.10&apos;&#10;Driver info: org.openqa.selenium.chrome.ChromeDriver&#10;Capabilities {acceptInsecureCerts: false, browserName: chrome, browserVersion: 122.0.6261.95, chrome: {chromedriverVersion: 122.0.6261.57 (87957e464700..., userDataDir: C:\Users\ADMIN\AppData\Loca...}, fedcm:accounts: true, goog:chromeOptions: {debuggerAddress: localhost:11636}, javascriptEnabled: true, networkConnectionEnabled: false, pageLoadStrategy: normal, platform: WINDOWS, platformName: WINDOWS, proxy: Proxy(), setWindowRect: true, strictFileInteractability: false, timeouts: {implicit: 0, pageLoad: 300000, script: 30000}, unhandledPromptBehavior: dismiss and notify, webauthn:extension:credBlob: true, webauthn:extension:largeBlob: true, webauthn:extension:minPinLength: true, webauthn:extension:prf: true, webauthn:virtualAuthenticators: true}&#10;Session ID: 256f770b2b8b721ad90354cf3679093a&#10;*** Element info: {Using=xpath, value=//button[normalize-space()=&apos;Customer Login&apos;]}"/>
  </testcase>
</testsuite>