<?xml version="1.0" encoding="UTF-8"?>
<testng-results ignored="0" total="1" passed="1" failed="0" skipped="0">
  <reporter-output>
  </reporter-output>
  <suite started-at="2024-03-07T18:57:08Z" name="Default suite" finished-at="2024-03-07T18:57:13Z" duration-ms="4741">
    <groups>
    </groups>
    <test started-at="2024-03-07T18:57:08Z" name="Default test" finished-at="2024-03-07T18:57:13Z" duration-ms="4741">
      <class name="com.xyz.qa.testcases.OpenAccountPageTest">
        <test-method is-config="true" signature="setUp()[pri:0, instance:com.xyz.qa.testcases.OpenAccountPageTest@5b218417]" started-at="2024-03-08T00:27:08Z" name="setUp" finished-at="2024-03-08T00:27:10Z" duration-ms="2590" status="PASS">
          <reporter-output>
          </reporter-output>
        </test-method> <!-- setUp -->
        <test-method signature="verifyOpenAccountAlertMessage()[pri:0, instance:com.xyz.qa.testcases.OpenAccountPageTest@5b218417]" started-at="2024-03-08T00:27:10Z" name="verifyOpenAccountAlertMessage" finished-at="2024-03-08T00:27:13Z" duration-ms="2137" status="PASS">
          <reporter-output>
          </reporter-output>
        </test-method> <!-- verifyOpenAccountAlertMessage -->
      </class> <!-- com.xyz.qa.testcases.OpenAccountPageTest -->
    </test> <!-- Default test -->
  </suite> <!-- Default suite -->
</testng-results>
